Rebuild started at 7:48 PM...
1>------ Skipped Rebuild All: Project: UE5, Configuration: BuiltWithUnrealBuildTool Win64 ------
1>Project not selected to build for this solution configuration 
Restored C:\Program Files\Epic Games\UE_5.7\Engine\Source\Programs\Shared\EpicGames.ScriptBuild\EpicGames.ScriptBuild.csproj (in 24 ms).
Restored C:\Program Files\Epic Games\UE_5.7\Engine\Plugins\ScriptPlugin\Source\ScriptGeneratorUbtPlugin\ScriptGeneratorUbtPlugin.ubtplugin.csproj (in 33 ms).
Restored C:\Program Files\Epic Games\UE_5.7\Engine\Source\Programs\Shared\EpicGames.Oodle\EpicGames.Oodle.csproj (in 1 ms).
Restored C:\Program Files\Epic Games\UE_5.7\Engine\Source\Programs\Shared\EpicGames.OIDC\EpicGames.OIDC.csproj (in 15 ms).
Restored C:\Program Files\Epic Games\UE_5.7\Engine\Source\Programs\Shared\EpicGames.Serialization\EpicGames.Serialization.csproj (in 60 ms).
Restored C:\Program Files\Epic Games\UE_5.7\Engine\Source\Programs\Shared\EpicGames.Redis\EpicGames.Redis.csproj (in 73 ms).
Restored C:\Program Files\Epic Games\UE_5.7\Engine\Source\Programs\Shared\EpicGames.UHT\EpicGames.UHT.csproj (in 14 ms).
Restored C:\Program Files\Epic Games\UE_5.7\Engine\Source\Programs\Shared\EpicGames.MsBuild\EpicGames.MsBuild.csproj (in 5 ms).
Restored C:\Program Files\Epic Games\UE_5.7\Engine\Source\Programs\Shared\EpicGames.Perforce.Fixture\EpicGames.Perforce.Fixture.csproj (in 87 ms).
Restored C:\Program Files\Epic Games\UE_5.7\Engine\Source\Programs\Shared\EpicGames.IoHash\EpicGames.IoHash.csproj (in 4 ms).
Restored C:\Program Files\Epic Games\UE_5.7\Engine\Source\Programs\Shared\EpicGames.Perforce\EpicGames.Perforce.csproj (in 4 ms).
Restored C:\Program Files\Epic Games\UE_5.7\Engine\Source\Programs\Shared\EpicGames.ProjectStore\EpicGames.ProjectStore.csproj (in 11 ms).
Restored C:\Program Files\Epic Games\UE_5.7\Engine\Source\Programs\Shared\EpicGames.Perforce.Managed\EpicGames.Perforce.Managed.csproj (in 13 ms).
Restored C:\Program Files\Epic Games\UE_5.7\Engine\Source\Programs\UnrealBuildTool\UnrealBuildTool.csproj (in 50 ms).
Restored C:\Program Files\Epic Games\UE_5.7\Engine\Intermediate\Build\BuildRulesProjects\UE5ProgramRules\UE5ProgramRules.csproj (in 112 ms).
Restored C:\Program Files\Epic Games\UE_5.7\Engine\Intermediate\Build\BuildRulesProjects\UE5Rules\UE5Rules.csproj (in 112 ms).
Restored C:\Program Files\Epic Games\UE_5.7\Engine\Source\Programs\AutomationTool\Linux\Linux.Automation.csproj (in 114 ms).
Restored C:\repos\flux-interface\homestead_twin\Project\Intermediate\Build\BuildRulesProjects\HomesteadTwinModuleRules\HomesteadTwinModuleRules.csproj (in 71 ms).
Restored C:\Program Files\Epic Games\UE_5.7\Engine\Source\Programs\AutomationTool\SteamDeck\SteamDeck.Automation.csproj (in 113 ms).
Restored C:\Program Files\Epic Games\UE_5.7\Engine\Source\Programs\AutomationTool\Apple\Apple.Automation.csproj (in 113 ms).
Restored C:\Program Files\Epic Games\UE_5.7\Engine\Source\Programs\AutomationTool\IOS\IOS.Automation.csproj (in 114 ms).
Restored C:\Program Files\Epic Games\UE_5.7\Engine\Source\Programs\AutomationTool\Insights\Insights.Automation.csproj (in 114 ms).
Restored C:\Program Files\Epic Games\UE_5.7\Engine\Source\Programs\AutomationTool\Scripts\AutomationScripts.Automation.csproj (in 114 ms).
Restored C:\Program Files\Epic Games\UE_5.7\Engine\Source\Programs\AutomationTool\SmartlingLocalization\SmartlingLocalization.Automation.csproj (in 114 ms).
Restored C:\Program Files\Epic Games\UE_5.7\Engine\Platforms\VisionOS\Source\Programs\AutomationTool\VisionOS.Automation.csproj (in 115 ms).
Restored C:\Program Files\Epic Games\UE_5.7\Engine\Source\Programs\AutomationTool\Android\Android.Automation.csproj (in 114 ms).
Restored C:\Program Files\Epic Games\UE_5.7\Engine\Source\Programs\Shared\EpicGames.MongoDB\EpicGames.MongoDB.csproj (in 43 ms).
Restored C:\Program Files\Epic Games\UE_5.7\Engine\Source\Programs\Shared\EpicGames.Tracing\EpicGames.Tracing.csproj (in 1 ms).
Restored C:\Program Files\Epic Games\UE_5.7\Engine\Source\Programs\Shared\EpicGames.UBA\EpicGames.UBA.csproj (in 2 ms).
Restored C:\Program Files\Epic Games\UE_5.7\Engine\Source\Programs\Shared\EpicGames.Slack\EpicGames.Slack.csproj (in 3 ms).
Restored C:\Program Files\Epic Games\UE_5.7\Engine\Source\Programs\AutomationTool\BuildGraph\BuildGraph.Automation.csproj (in 20 ms).
Restored C:\Program Files\Epic Games\UE_5.7\Engine\Source\Programs\Shared\EpicGames.Core\EpicGames.Core.csproj (in 5 ms).
Restored C:\Program Files\Epic Games\UE_5.7\Engine\Source\Programs\Shared\EpicGames.BuildGraph\EpicGames.BuildGraph.csproj (in 5 ms).
Restored C:\Program Files\Epic Games\UE_5.7\Engine\Source\Programs\Shared\EpicGames.Build\EpicGames.Build.csproj (in 6 ms).
Restored C:\Program Files\Epic Games\UE_5.7\Engine\Source\Programs\Shared\EpicGames.AspNet\EpicGames.AspNet.csproj (in 5 ms).
Restored C:\Program Files\Epic Games\UE_5.7\Engine\Source\Programs\Shared\EpicGames.Horde\EpicGames.Horde.csproj (in 12 ms).
Restored C:\Program Files\Epic Games\UE_5.7\Engine\Source\Programs\AutomationTool\CrowdinLocalization\CrowdinLocalization.Automation.csproj (in 22 ms).
Restored C:\Program Files\Epic Games\UE_5.7\Engine\Source\Programs\AutomationTool\CookedEditor\CookedEditor.Automation.csproj (in 24 ms).
Restored C:\Program Files\Epic Games\UE_5.7\Engine\Source\Programs\AutomationTool\Win\Win.Automation.csproj (in 21 ms).
Restored C:\Program Files\Epic Games\UE_5.7\Engine\Source\Programs\AutomationTool\TVOS\TVOS.Automation.csproj (in 23 ms).
Restored C:\Program Files\Epic Games\UE_5.7\Engine\Source\Programs\AutomationTool\Mutable\Mutable.Automation.csproj (in 11 ms).
Restored C:\Program Files\Epic Games\UE_5.7\Engine\Source\Programs\AutomationTool\Gauntlet\Gauntlet.Automation.csproj (in 35 ms).
Restored C:\Program Files\Epic Games\UE_5.7\Engine\Source\Programs\AutomationTool\LowLevelTests\LowLevelTests.Automation.csproj (in 24 ms).
Restored C:\Program Files\Epic Games\UE_5.7\Engine\Source\Programs\AutomationTool\Localization\Localization.Automation.csproj (in 21 ms).
Restored C:\Program Files\Epic Games\UE_5.7\Engine\Source\Programs\AutomationTool\OneSkyLocalization\OneSkyLocalization.Automation.csproj (in 21 ms).
Restored C:\Program Files\Epic Games\UE_5.7\Engine\Source\Programs\AutomationTool\LiveLinkHub\LiveLinkHub.Automation.csproj (in 24 ms).
Restored C:\Program Files\Epic Games\UE_5.7\Engine\Source\Programs\AutomationTool\XLocLocalization\XLocLocalization.Automation.csproj (in 37 ms).
Restored C:\Program Files\Epic Games\UE_5.7\Engine\Source\Programs\AutomationTool\Mac\Mac.Automation.csproj (in 21 ms).
Restored C:\Program Files\Epic Games\UE_5.7\Engine\Source\Programs\AutomationTool\Turnkey\Turnkey.Automation.csproj (in 40 ms).
Restored C:\Program Files\Epic Games\UE_5.7\Engine\Source\Programs\AutomationTool\AutomationUtils\AutomationUtils.Automation.csproj (in 72 ms).
2>------ Rebuild All started: Project: HomesteadTwin, Configuration: Development_Editor x64 ------
3>------ Rebuild All started: Project: EpicGames.UBA, Configuration: Development Any CPU ------
4>------ Rebuild All started: Project: EpicGames.Tracing, Configuration: Development Any CPU ------
5>------ Rebuild All started: Project: EpicGames.Slack, Configuration: Development Any CPU ------
6>------ Rebuild All started: Project: EpicGames.ScriptBuild, Configuration: Development Any CPU ------
7>------ Rebuild All started: Project: EpicGames.Oodle, Configuration: Development Any CPU ------
8>------ Rebuild All started: Project: EpicGames.OIDC, Configuration: Development Any CPU ------
9>------ Rebuild All started: Project: EpicGames.MongoDB, Configuration: Development Any CPU ------
10>------ Rebuild All started: Project: EpicGames.Core, Configuration: Development Any CPU ------
11>------ Rebuild All started: Project: ScriptGeneratorUbtPlugin.ubtplugin, Configuration: Development Any CPU ------
Restored C:\Program Files\Epic Games\UE_5.7\Engine\Source\Programs\AutomationTool\AutomationTool.csproj (in 96 ms).
2>Using bundled DotNet SDK version: 8.0.412 win-x64
2>Running UnrealBuildTool: dotnet "..\..\Engine\Binaries\DotNET\UnrealBuildTool\UnrealBuildTool.dll" HomesteadTwinEditor Win64 Development -Project="C:\repos\flux-interface\homestead_twin\Project\HomesteadTwin.uproject" -WaitMutex -FromMsBuild -architecture=x64 -Rebuild
2>Log file: C:\Users\ethan\AppData\Local\UnrealBuildTool\Log.txt
2>Cleaning HomesteadTwinEditor binaries...
6>EpicGames.ScriptBuild -> C:\Program Files\Epic Games\UE_5.7\Engine\Source\Programs\Shared\EpicGames.ScriptBuild\bin\Development\net8.0\EpicGames.ScriptBuild.dll
7>EpicGames.Oodle -> C:\Program Files\Epic Games\UE_5.7\Engine\Source\Programs\Shared\EpicGames.Oodle\bin\Development\net8.0\EpicGames.Oodle.dll
8>EpicGames.OIDC -> C:\Program Files\Epic Games\UE_5.7\Engine\Source\Programs\Shared\EpicGames.OIDC\bin\Development\net8.0\EpicGames.OIDC.dll
3>EpicGames.UBA -> C:\Program Files\Epic Games\UE_5.7\Engine\Source\Programs\Shared\EpicGames.UBA\bin\Development\net8.0\EpicGames.UBA.dll
11>ScriptGeneratorUbtPlugin.ubtplugin -> C:\Program Files\Epic Games\UE_5.7\Engine\Binaries\DotNET\UnrealBuildTool\Plugins\ScriptGeneratorUbtPlugin\ScriptGeneratorUbtPlugin.dll
10>EpicGames.Core -> C:\Program Files\Epic Games\UE_5.7\Engine\Source\Programs\Shared\EpicGames.Core\bin\Development\net8.0\EpicGames.Core.dll
12>------ Rebuild All started: Project: EpicGames.Perforce, Configuration: Development Any CPU ------
13>------ Rebuild All started: Project: EpicGames.MsBuild, Configuration: Development Any CPU ------
14>------ Rebuild All started: Project: EpicGames.IoHash, Configuration: Development Any CPU ------
2>C:\repos\flux-interface\homestead_twin\Project\Plugins\VisualStudioTools\Source\VisualStudioTools\VisualStudioTools.Build.cs(26,17): warning CS0618: 'ModuleRules.UnsafeTypeCastWarningLevel' is obsolete: 'Deprecated in UE5.6 - Replace with ModuleRules.CppCompileWarningSettings.UnsafeTypeCastWarningLevel'
2>Creating makefile for HomesteadTwinEditor (no existing makefile)
9>EpicGames.MongoDB -> C:\Program Files\Epic Games\UE_5.7\Engine\Source\Programs\Shared\EpicGames.MongoDB\bin\Development\net8.0\EpicGames.MongoDB.dll
5>EpicGames.Slack -> C:\Program Files\Epic Games\UE_5.7\Engine\Source\Programs\Shared\EpicGames.Slack\bin\Development\net8.0\EpicGames.Slack.dll
14>EpicGames.IoHash -> C:\Program Files\Epic Games\UE_5.7\Engine\Source\Programs\Shared\EpicGames.IoHash\bin\Development\net8.0\EpicGames.IoHash.dll
15>------ Rebuild All started: Project: EpicGames.Serialization, Configuration: Development Any CPU ------
13>EpicGames.MsBuild -> C:\Program Files\Epic Games\UE_5.7\Engine\Source\Programs\Shared\EpicGames.MsBuild\bin\Development\net8.0\EpicGames.MsBuild.dll
16>------ Rebuild All started: Project: EpicGames.Build, Configuration: Development Any CPU ------
12>EpicGames.Perforce -> C:\Program Files\Epic Games\UE_5.7\Engine\Source\Programs\Shared\EpicGames.Perforce\bin\Development\net8.0\EpicGames.Perforce.dll
15>EpicGames.Serialization -> C:\Program Files\Epic Games\UE_5.7\Engine\Source\Programs\Shared\EpicGames.Serialization\bin\Development\net8.0\EpicGames.Serialization.dll
17>------ Rebuild All started: Project: EpicGames.Redis, Configuration: Development Any CPU ------
18>------ Rebuild All started: Project: EpicGames.Perforce.Managed, Configuration: Development Any CPU ------
19>------ Rebuild All started: Project: EpicGames.Horde, Configuration: Development Any CPU ------
20>------ Rebuild All started: Project: EpicGames.BuildGraph, Configuration: Development Any CPU ------
21>------ Rebuild All started: Project: EpicGames.AspNet, Configuration: Development Any CPU ------
4>EpicGames.Tracing -> C:\Program Files\Epic Games\UE_5.7\Engine\Source\Programs\Shared\EpicGames.Tracing\bin\Development\net8.0\EpicGames.Tracing.dll
17>EpicGames.Redis -> C:\Program Files\Epic Games\UE_5.7\Engine\Source\Programs\Shared\EpicGames.Redis\bin\Development\net8.0\EpicGames.Redis.dll
20>EpicGames.BuildGraph -> C:\Program Files\Epic Games\UE_5.7\Engine\Source\Programs\Shared\EpicGames.BuildGraph\bin\Development\net8.0\EpicGames.BuildGraph.dll
2>UHT compiled-in object format Default
16>EpicGames.Build -> C:\Program Files\Epic Games\UE_5.7\Engine\Source\Programs\Shared\EpicGames.Build\bin\Development\net8.0\EpicGames.Build.dll
22>------ Rebuild All started: Project: EpicGames.UHT, Configuration: Development Any CPU ------
2>Parsing headers for HomesteadTwinEditor
2>  Running Internal UnrealHeaderTool C:\repos\flux-interface\homestead_twin\Project\HomesteadTwin.uproject C:\repos\flux-interface\homestead_twin\Project\Intermediate\Build\Win64\HomesteadTwinEditor\Development\HomesteadTwinEditor.uhtmanifest -WarningsAsErrors -installed
21>EpicGames.AspNet -> C:\Program Files\Epic Games\UE_5.7\Engine\Source\Programs\Shared\EpicGames.AspNet\bin\Development\net8.0\EpicGames.AspNet.dll
19>EpicGames.Horde -> C:\Program Files\Epic Games\UE_5.7\Engine\Source\Programs\Shared\EpicGames.Horde\bin\Development\net8.0\EpicGames.Horde.dll
23>------ Rebuild All started: Project: EpicGames.ProjectStore, Configuration: Development Any CPU ------
23>EpicGames.ProjectStore -> C:\Program Files\Epic Games\UE_5.7\Engine\Source\Programs\Shared\EpicGames.ProjectStore\bin\Development\net8.0\EpicGames.ProjectStore.dll
2>UHT processed HomesteadTwinEditor in 1.934279 seconds (48 files written)
22>EpicGames.UHT -> C:\Program Files\Epic Games\UE_5.7\Engine\Source\Programs\Shared\EpicGames.UHT\bin\Development\net8.0\EpicGames.UHT.dll
24>------ Rebuild All started: Project: UnrealBuildTool, Configuration: Development Any CPU ------
18>EpicGames.Perforce.Managed -> C:\Program Files\Epic Games\UE_5.7\Engine\Source\Programs\Shared\EpicGames.Perforce.Managed\bin\Development\net8.0\EpicGames.Perforce.Managed.dll
25>------ Rebuild All started: Project: EpicGames.Perforce.Fixture, Configuration: Development Any CPU ------
2>Building HomesteadTwinEditor...
2>Using Visual Studio 2022 14.44.35221 toolchain (C:\Program Files\Microsoft Visual Studio\2022\Enterprise\VC\Tools\MSVC\14.44.35207) and Windows 10.0.22621.0 SDK (C:\Program Files (x86)\Windows Kits\10).
2>[Adaptive Build] Excluded from VisualStudioTools unity file: BlueprintAssetHelper.cpp, BlueprintReferencesCommandlet.cpp, VisualStudioTools.cpp, VisualStudioToolsBlueprintBreakpointExtension.cpp, VisualStudioToolsCommandlet.cpp, VisualStudioToolsCommandletBase.cpp, VSServerCommandlet.cpp, VSTestAdapterCommandlet.cpp
2>[Adaptive Build] Excluded from VisualStudioBlueprintDebuggerHelper unity file: VisualStudioBlueprintDebuggerHelperModule.cpp
2>Determining max actions to execute in parallel (8 physical cores, 16 logical cores)
2>  Executing up to 8 processes, one per physical core
2>Using Unreal Build Accelerator local executor to run 28 action(s)
25>EpicGames.Perforce.Fixture -> C:\Program Files\Epic Games\UE_5.7\Engine\Source\Programs\Shared\EpicGames.Perforce.Fixture\bin\Development\net8.0\EpicGames.Perforce.Fixture.dll
2>  Storage capacity 40Gb
24>UnrealBuildTool -> C:\Program Files\Epic Games\UE_5.7\Engine\Source\Programs\UnrealBuildTool\bin\Development\UnrealBuildTool.dll
26>------ Rebuild All started: Project: AutomationUtils.Automation, Configuration: Development Any CPU ------
27>------ Rebuild All started: Project: UE5Rules, Configuration: Development Any CPU ------
26>AutomationUtils.Automation -> C:\Program Files\Epic Games\UE_5.7\Engine\Source\Programs\AutomationTool\AutomationUtils\bin\Development\AutomationUtils.Automation.dll
28>------ Rebuild All started: Project: SteamDeck.Automation, Configuration: Development Any CPU ------
29>------ Rebuild All started: Project: Localization.Automation, Configuration: Development Any CPU ------
30>------ Rebuild All started: Project: BuildGraph.Automation, Configuration: Development Any CPU ------
31>------ Rebuild All started: Project: Apple.Automation, Configuration: Development Any CPU ------
28>SteamDeck.Automation -> C:\Program Files\Epic Games\UE_5.7\Engine\Binaries\DotNET\AutomationTool\AutomationScripts\Platforms\SteamDeck\SteamDeck.Automation.dll
29>Localization.Automation -> C:\Program Files\Epic Games\UE_5.7\Engine\Binaries\DotNET\AutomationTool\AutomationScripts\Localization\Localization.Automation.dll
32>------ Rebuild All started: Project: Linux.Automation, Configuration: Development Any CPU ------
33>------ Rebuild All started: Project: XLocLocalization.Automation, Configuration: Development Any CPU ------
34>------ Rebuild All started: Project: SmartlingLocalization.Automation, Configuration: Development Any CPU ------
35>------ Rebuild All started: Project: AutomationScripts.Automation, Configuration: Development Any CPU ------
36>------ Rebuild All started: Project: OneSkyLocalization.Automation, Configuration: Development Any CPU ------
37>------ Rebuild All started: Project: CrowdinLocalization.Automation, Configuration: Development Any CPU ------
31>Apple.Automation -> C:\Program Files\Epic Games\UE_5.7\Engine\Binaries\DotNET\AutomationTool\AutomationScripts\Platforms\Apple\Apple.Automation.dll
38>------ Rebuild All started: Project: Mac.Automation, Configuration: Development Any CPU ------
39>------ Rebuild All started: Project: IOS.Automation, Configuration: Development Any CPU ------
27>C:\Program Files\Epic Games\UE_5.7\Engine\Source\ThirdParty\xxhash\xxhash.Build.cs(6,14,6,20): warning CS8981: The type name 'xxhash' only contains lower-cased ascii characters. Such names may become reserved for the language.
27>C:\Program Files\Epic Games\UE_5.7\Engine\Source\ThirdParty\zlib\zlib.Build.cs(6,14,6,18): warning CS8981: The type name 'zlib' only contains lower-cased ascii characters. Such names may become reserved for the language.
27>C:\Program Files\Epic Games\UE_5.7\Engine\Source\ThirdParty\heapprofd\heapprofd.Build.cs(6,14,6,23): warning CS8981: The type name 'heapprofd' only contains lower-cased ascii characters. Such names may become reserved for the language.
27>C:\Program Files\Epic Games\UE_5.7\Engine\Source\ThirdParty\jemalloc\jemalloc.Build.cs(5,14,5,22): warning CS8981: The type name 'jemalloc' only contains lower-cased ascii characters. Such names may become reserved for the language.
27>C:\Program Files\Epic Games\UE_5.7\Engine\Source\ThirdParty\libzip\libzip.Build.cs(6,14,6,20): warning CS8981: The type name 'libzip' only contains lower-cased ascii characters. Such names may become reserved for the language.
27>C:\Program Files\Epic Games\UE_5.7\Engine\Source\ThirdParty\metis\metis.Build.cs(6,14,6,19): warning CS8981: The type name 'metis' only contains lower-cased ascii characters. Such names may become reserved for the language.
27>C:\Program Files\Epic Games\UE_5.7\Engine\Source\ThirdParty\mimalloc\mimalloc.Build.cs(6,14,6,22): warning CS8981: The type name 'mimalloc' only contains lower-cased ascii characters. Such names may become reserved for the language.
27>C:\Program Files\Epic Games\UE_5.7\Engine\Source\ThirdParty\nanoflann\nanoflann.Build.cs(6,14,6,23): warning CS8981: The type name 'nanoflann' only contains lower-cased ascii characters. Such names may become reserved for the language.
27>C:\Program Files\Epic Games\UE_5.7\Engine\Source\ThirdParty\abseil\abseil.Build.cs(7,14,7,20): warning CS8981: The type name 'abseil' only contains lower-cased ascii characters. Such names may become reserved for the language.
27>C:\Program Files\Epic Games\UE_5.7\Engine\Source\ThirdParty\portmidi\portmidi.Build.cs(5,14,5,22): warning CS8981: The type name 'portmidi' only contains lower-cased ascii characters. Such names may become reserved for the language.
27>C:\Program Files\Epic Games\UE_5.7\Engine\Source\ThirdParty\pugixml\pugixml.Build.cs(6,14,6,21): warning CS8981: The type name 'pugixml' only contains lower-cased ascii characters. Such names may become reserved for the language.
27>C:\Program Files\Epic Games\UE_5.7\Engine\Source\ThirdParty\libav\libav.Build.cs(7,14,7,19): warning CS8981: The type name 'libav' only contains lower-cased ascii characters. Such names may become reserved for the language.
27>C:\Program Files\Epic Games\UE_5.7\Engine\Source\ThirdParty\astcenc\astcenc.Build.cs(6,14,6,21): warning CS8981: The type name 'astcenc' only contains lower-cased ascii characters. Such names may become reserved for the language.
27>C:\Program Files\Epic Games\UE_5.7\Engine\Source\ThirdParty\libcurl\libcurl.Build.cs(6,14,6,21): warning CS8981: The type name 'libcurl' only contains lower-cased ascii characters. Such names may become reserved for the language.
27>C:\Program Files\Epic Games\UE_5.7\Engine\Source\ThirdParty\simde\simde.Build.cs(6,14,6,19): warning CS8981: The type name 'simde' only contains lower-cased ascii characters. Such names may become reserved for the language.
27>C:\Program Files\Epic Games\UE_5.7\Engine\Source\ThirdParty\coremod\coremod.Build.cs(6,14,6,21): warning CS8981: The type name 'coremod' only contains lower-cased ascii characters. Such names may become reserved for the language.
27>C:\Program Files\Epic Games\UE_5.7\Engine\Source\ThirdParty\libpas\src\libpas\libpas.Build.cs(7,14,7,20): warning CS8981: The type name 'libpas' only contains lower-cased ascii characters. Such names may become reserved for the language.
27>C:\Program Files\Epic Games\UE_5.7\Engine\Source\ThirdParty\libstrophe\libstrophe.Build.cs(6,14,6,24): warning CS8981: The type name 'libstrophe' only contains lower-cased ascii characters. Such names may become reserved for the language.
27>UE5Rules -> C:\Program Files\Epic Games\UE_5.7\Engine\Intermediate\Build\BuildRulesProjects\UE5Rules\bin\Development\UE5Rules.dll
27>Done building project "UE5Rules.csproj".
40>------ Rebuild All started: Project: UE5ProgramRules, Configuration: Development Any CPU ------
37>CrowdinLocalization.Automation -> C:\Program Files\Epic Games\UE_5.7\Engine\Binaries\DotNET\AutomationTool\AutomationScripts\CrowdinLocalization\CrowdinLocalization.Automation.dll
38>Mac.Automation -> C:\Program Files\Epic Games\UE_5.7\Engine\Binaries\DotNET\AutomationTool\AutomationScripts\Platforms\Mac\Mac.Automation.dll
32>Linux.Automation -> C:\Program Files\Epic Games\UE_5.7\Engine\Binaries\DotNET\AutomationTool\AutomationScripts\Platforms\Linux\Linux.Automation.dll
40>UE5ProgramRules -> C:\Program Files\Epic Games\UE_5.7\Engine\Intermediate\Build\BuildRulesProjects\UE5ProgramRules\bin\Development\UE5ProgramRules.dll
36>OneSkyLocalization.Automation -> C:\Program Files\Epic Games\UE_5.7\Engine\Binaries\DotNET\AutomationTool\AutomationScripts\OneSkyLocalization\OneSkyLocalization.Automation.dll
41>------ Rebuild All started: Project: HomesteadTwinModuleRules, Configuration: Development Any CPU ------
34>SmartlingLocalization.Automation -> C:\Program Files\Epic Games\UE_5.7\Engine\Binaries\DotNET\AutomationTool\AutomationScripts\SmartlingLocalization\SmartlingLocalization.Automation.dll
33>XLocLocalization.Automation -> C:\Program Files\Epic Games\UE_5.7\Engine\Binaries\DotNET\AutomationTool\AutomationScripts\XLocLocalization\XLocLocalization.Automation.dll
39>IOS.Automation -> C:\Program Files\Epic Games\UE_5.7\Engine\Binaries\DotNET\AutomationTool\AutomationScripts\Platforms\IOS\IOS.Automation.dll
42>------ Rebuild All started: Project: TVOS.Automation, Configuration: Development Any CPU ------
41>HomesteadTwinModuleRules -> C:\repos\flux-interface\homestead_twin\Project\Intermediate\Build\BuildRulesProjects\HomesteadTwinModuleRules\bin\Development\HomesteadTwinModuleRules.dll
42>TVOS.Automation -> C:\Program Files\Epic Games\UE_5.7\Engine\Binaries\DotNET\AutomationTool\AutomationScripts\Platforms\TVOS\TVOS.Automation.dll
35>AutomationScripts.Automation -> C:\Program Files\Epic Games\UE_5.7\Engine\Binaries\DotNET\AutomationTool\AutomationScripts\Scripts\AutomationScripts.Automation.dll
43>------ Rebuild All started: Project: Android.Automation, Configuration: Development Any CPU ------
44>------ Rebuild All started: Project: VisionOS.Automation, Configuration: Development Any CPU ------
30>BuildGraph.Automation -> C:\Program Files\Epic Games\UE_5.7\Engine\Binaries\DotNET\AutomationTool\AutomationScripts\BuildGraph\BuildGraph.Automation.dll
45>------ Rebuild All started: Project: Win.Automation, Configuration: Development Any CPU ------
44>VisionOS.Automation -> C:\Program Files\Epic Games\UE_5.7\Engine\Platforms\VisionOS\Binaries\DotNET\AutomationTool\AutomationScripts\VisionOS.Automation.dll
43>Android.Automation -> C:\Program Files\Epic Games\UE_5.7\Engine\Binaries\DotNET\AutomationTool\AutomationScripts\Platforms\Android\Android.Automation.dll
46>------ Rebuild All started: Project: Gauntlet.Automation, Configuration: Development Any CPU ------
45>Win.Automation -> C:\Program Files\Epic Games\UE_5.7\Engine\Binaries\DotNET\AutomationTool\AutomationScripts\Platforms\Windows\Win.Automation.dll
47>------ Rebuild All started: Project: CookedEditor.Automation, Configuration: Development Any CPU ------
47>CookedEditor.Automation -> C:\Program Files\Epic Games\UE_5.7\Engine\Binaries\DotNET\AutomationTool\AutomationScripts\CookedEditor\CookedEditor.Automation.dll
48>------ Rebuild All started: Project: LiveLinkHub.Automation, Configuration: Development Any CPU ------
48>LiveLinkHub.Automation -> C:\Program Files\Epic Games\UE_5.7\Engine\Binaries\DotNET\AutomationTool\AutomationScripts\LiveLinkHub\LiveLinkHub.Automation.dll
46>Gauntlet.Automation -> C:\Program Files\Epic Games\UE_5.7\Engine\Binaries\DotNET\AutomationTool\AutomationScripts\Gauntlet\Gauntlet.Automation.dll
49>------ Rebuild All started: Project: Turnkey.Automation, Configuration: Development Any CPU ------
50>------ Rebuild All started: Project: Mutable.Automation, Configuration: Development Any CPU ------
51>------ Rebuild All started: Project: LowLevelTests.Automation, Configuration: Development Any CPU ------
52>------ Rebuild All started: Project: Insights.Automation, Configuration: Development Any CPU ------
50>Mutable.Automation -> C:\Program Files\Epic Games\UE_5.7\Engine\Binaries\DotNET\AutomationTool\AutomationScripts\Mutable\Mutable.Automation.dll
51>LowLevelTests.Automation -> C:\Program Files\Epic Games\UE_5.7\Engine\Binaries\DotNET\AutomationTool\AutomationScripts\LowLevelTests\LowLevelTests.Automation.dll
52>Insights.Automation -> C:\Program Files\Epic Games\UE_5.7\Engine\Binaries\DotNET\AutomationTool\AutomationScripts\Insights\Insights.Automation.dll
49>Turnkey.Automation -> C:\Program Files\Epic Games\UE_5.7\Engine\Binaries\DotNET\AutomationTool\AutomationScripts\Turnkey\Turnkey.Automation.dll
53>------ Rebuild All started: Project: AutomationTool, Configuration: Development Any CPU ------
53>AutomationTool -> C:\Program Files\Epic Games\UE_5.7\Engine\Source\Programs\AutomationTool\bin\Development\AutomationTool.dll
2>---- Starting trace: 251204_194925_vs36804 ----
2>UbaServer - Listening on 0.0.0.0:1345
2>[1/28] Resource Default.rc2
2>[2/28] Resource Default.rc2
2>[3/28] Resource Default.rc2
2>[4/28] GenerateTLH dte80a.cpp
2>[5/28] Compile [x64] SharedPCH.UnrealEd.Project.NonOptimized.ValApi.ValExpApi.Cpp20.cpp
2>[6/28] Compile [x64] SharedPCH.UnrealEd.Project.ValApi.ValExpApi.Cpp20.cpp
2>[7/28] Compile [x64] HomesteadTwin.cpp
2>[8/28] Compile [x64] PerModuleInline.gen.cpp
2>[9/28] Compile [x64] A_HomesteadObject.cpp
2>[10/28] Compile [x64] Module.VisualStudioBlueprintDebuggerHelper.cpp
2>[11/28] Compile [x64] VisualStudioTools.cpp
2>[12/28] Compile [x64] BlueprintAssetHelper.cpp
2>[13/28] Compile [x64] BlueprintReferencesCommandlet.cpp
2>[14/28] Compile [x64] VSTestAdapterCommandlet.cpp
2>[15/28] Compile [x64] Module.HomesteadTwin.gen.cpp
2>[16/28] Link [x64] UnrealEditor-HomesteadTwin.lib
2>[17/28] Compile [x64] VisualStudioToolsCommandletBase.cpp
2>[18/28] Compile [x64] Module.VisualStudioTools.cpp
2>[19/28] Link [x64] UnrealEditor-HomesteadTwin.dll
2>Module.HomesteadTwin.gen.cpp.obj : error LNK2019: unresolved external symbol "public: __cdecl AA_Annotation::AA_Annotation(void)" (??0AA_Annotation@@QEAA@XZ) referenced in function "void __cdecl InternalConstructor<class AA_Annotation>(class FObjectInitializer const &)" (??$InternalConstructor@VAA_Annotation@@@@YAXAEBVFObjectInitializer@@@Z)
2>Module.HomesteadTwin.gen.cpp.obj : error LNK2001: unresolved external symbol "public: virtual void __cdecl AA_Annotation::BeginPlay(void)" (?BeginPlay@AA_Annotation@@UEAAXXZ)
2>Module.HomesteadTwin.gen.cpp.obj : error LNK2001: unresolved external symbol "public: virtual void __cdecl AA_Annotation::Tick(float)" (?Tick@AA_Annotation@@UEAAXM@Z)
2>Module.HomesteadTwin.gen.cpp.obj : error LNK2019: unresolved external symbol "public: void __cdecl AA_Annotation::InitializeAnnotation(struct FGuid,class FString const &,class FName)" (?InitializeAnnotation@AA_Annotation@@QEAAXUFGuid@@AEBVFString@@VFName@@@Z) referenced in function "public: static void __cdecl AA_Annotation::execInitializeAnnotation(class UObject *,struct FFrame &,void * const)" (?execInitializeAnnotation@AA_Annotation@@SAXPEAVUObject@@AEAUFFrame@@QEAX@Z)
2>Module.HomesteadTwin.gen.cpp.obj : error LNK2019: unresolved external symbol "public: void __cdecl AA_Annotation::UpdateAnnotationText(class FString const &)" (?UpdateAnnotationText@AA_Annotation@@QEAAXAEBVFString@@@Z) referenced in function "public: static void __cdecl AA_Annotation::execUpdateAnnotationText(class UObject *,struct FFrame &,void * const)" (?execUpdateAnnotationText@AA_Annotation@@SAXPEAVUObject@@AEAUFFrame@@QEAX@Z)
2>Module.HomesteadTwin.gen.cpp.obj : error LNK2019: unresolved external symbol "public: __cdecl UGI_HomesteadTwin::UGI_HomesteadTwin(void)" (??0UGI_HomesteadTwin@@QEAA@XZ) referenced in function "void __cdecl InternalConstructor<class UGI_HomesteadTwin>(class FObjectInitializer const &)" (??$InternalConstructor@VUGI_HomesteadTwin@@@@YAXAEBVFObjectInitializer@@@Z)
2>Module.HomesteadTwin.gen.cpp.obj : error LNK2001: unresolved external symbol "public: virtual void __cdecl UGI_HomesteadTwin::Init(void)" (?Init@UGI_HomesteadTwin@@UEAAXXZ)
2>Module.HomesteadTwin.gen.cpp.obj : error LNK2001: unresolved external symbol "public: virtual void __cdecl UGI_HomesteadTwin::Shutdown(void)" (?Shutdown@UGI_HomesteadTwin@@UEAAXXZ)
2>Module.HomesteadTwin.gen.cpp.obj : error LNK2019: unresolved external symbol "public: class FString __cdecl UGI_HomesteadTwin::GetApplicationVersion(void)const " (?GetApplicationVersion@UGI_HomesteadTwin@@QEBA?AVFString@@XZ) referenced in function "public: static void __cdecl UGI_HomesteadTwin::execGetApplicationVersion(class UObject *,struct FFrame &,void * const)" (?execGetApplicationVersion@UGI_HomesteadTwin@@SAXPEAVUObject@@AEAUFFrame@@QEAX@Z)
2>Module.HomesteadTwin.gen.cpp.obj : error LNK2019: unresolved external symbol "public: bool __cdecl UGI_HomesteadTwin::IsVRMode(void)const " (?IsVRMode@UGI_HomesteadTwin@@QEBA_NXZ) referenced in function "public: static void __cdecl UGI_HomesteadTwin::execIsVRMode(class UObject *,struct FFrame &,void * const)" (?execIsVRMode@UGI_HomesteadTwin@@SAXPEAVUObject@@AEAUFFrame@@QEAX@Z)
2>Module.HomesteadTwin.gen.cpp.obj : error LNK2019: unresolved external symbol "public: __cdecl AGM_HomesteadTwin::AGM_HomesteadTwin(void)" (??0AGM_HomesteadTwin@@QEAA@XZ) referenced in function "void __cdecl InternalConstructor<class AGM_HomesteadTwin>(class FObjectInitializer const &)" (??$InternalConstructor@VAGM_HomesteadTwin@@@@YAXAEBVFObjectInitializer@@@Z)
2>Module.HomesteadTwin.gen.cpp.obj : error LNK2001: unresolved external symbol "public: virtual void __cdecl AGM_HomesteadTwin::InitGame(class FString const &,class FString const &,class FString &)" (?InitGame@AGM_HomesteadTwin@@UEAAXAEBVFString@@0AEAV2@@Z)
2>Module.HomesteadTwin.gen.cpp.obj : error LNK2001: unresolved external symbol "public: virtual void __cdecl AGM_HomesteadTwin::StartPlay(void)" (?StartPlay@AGM_HomesteadTwin@@UEAAXXZ)
2>Module.HomesteadTwin.gen.cpp.obj : error LNK2019: unresolved external symbol "public: struct UE::Math::TTransform<double> __cdecl AGM_HomesteadTwin::GetDefaultPlayerSpawnTransform(void)const " (?GetDefaultPlayerSpawnTransform@AGM_HomesteadTwin@@QEBA?AU?$TTransform@N@Math@UE@@XZ) referenced in function "public: static void __cdecl AGM_HomesteadTwin::execGetDefaultPlayerSpawnTransform(class UObject *,struct FFrame &,void * const)" (?execGetDefaultPlayerSpawnTransform@AGM_HomesteadTwin@@SAXPEAVUObject@@AEAUFFrame@@QEAX@Z)
2>Module.HomesteadTwin.gen.cpp.obj : error LNK2019: unresolved external symbol "public: __cdecl APawn_Desktop::APawn_Desktop(void)" (??0APawn_Desktop@@QEAA@XZ) referenced in function "void __cdecl InternalConstructor<class APawn_Desktop>(class FObjectInitializer const &)" (??$InternalConstructor@VAPawn_Desktop@@@@YAXAEBVFObjectInitializer@@@Z)
2>Module.HomesteadTwin.gen.cpp.obj : error LNK2001: unresolved external symbol "public: virtual void __cdecl APawn_Desktop::SetupPlayerInputComponent(class UInputComponent *)" (?SetupPlayerInputComponent@APawn_Desktop@@UEAAXPEAVUInputComponent@@@Z)
2>Module.HomesteadTwin.gen.cpp.obj : error LNK2001: unresolved external symbol "public: virtual void __cdecl APawn_Desktop::BeginPlay(void)" (?BeginPlay@APawn_Desktop@@UEAAXXZ)
2>Module.HomesteadTwin.gen.cpp.obj : error LNK2001: unresolved external symbol "public: virtual void __cdecl APawn_Desktop::Tick(float)" (?Tick@APawn_Desktop@@UEAAXM@Z)
2>Module.HomesteadTwin.gen.cpp.obj : error LNK2019: unresolved external symbol "public: void __cdecl APawn_Desktop::SetFreeFlyMode(bool)" (?SetFreeFlyMode@APawn_Desktop@@QEAAX_N@Z) referenced in function "public: static void __cdecl APawn_Desktop::execSetFreeFlyMode(class UObject *,struct FFrame &,void * const)" (?execSetFreeFlyMode@APawn_Desktop@@SAXPEAVUObject@@AEAUFFrame@@QEAX@Z)
2>Module.HomesteadTwin.gen.cpp.obj : error LNK2019: unresolved external symbol "public: float __cdecl APawn_Desktop::GetCurrentMovementSpeed(void)const " (?GetCurrentMovementSpeed@APawn_Desktop@@QEBAMXZ) referenced in function "public: static void __cdecl APawn_Desktop::execGetCurrentMovementSpeed(class UObject *,struct FFrame &,void * const)" (?execGetCurrentMovementSpeed@APawn_Desktop@@SAXPEAVUObject@@AEAUFFrame@@QEAX@Z)
2>Module.HomesteadTwin.gen.cpp.obj : error LNK2019: unresolved external symbol "public: __cdecl APawn_VR::APawn_VR(void)" (??0APawn_VR@@QEAA@XZ) referenced in function "void __cdecl InternalConstructor<class APawn_VR>(class FObjectInitializer const &)" (??$InternalConstructor@VAPawn_VR@@@@YAXAEBVFObjectInitializer@@@Z)
2>Module.HomesteadTwin.gen.cpp.obj : error LNK2001: unresolved external symbol "public: virtual void __cdecl APawn_VR::SetupPlayerInputComponent(class UInputComponent *)" (?SetupPlayerInputComponent@APawn_VR@@UEAAXPEAVUInputComponent@@@Z)
2>Module.HomesteadTwin.gen.cpp.obj : error LNK2001: unresolved external symbol "public: virtual void __cdecl APawn_VR::BeginPlay(void)" (?BeginPlay@APawn_VR@@UEAAXXZ)
2>Module.HomesteadTwin.gen.cpp.obj : error LNK2001: unresolved external symbol "public: virtual void __cdecl APawn_VR::Tick(float)" (?Tick@APawn_VR@@UEAAXM@Z)
2>Module.HomesteadTwin.gen.cpp.obj : error LNK2019: unresolved external symbol "public: void __cdecl APawn_VR::ExecuteTeleport(struct UE::Math::TVector<double>)" (?ExecuteTeleport@APawn_VR@@QEAAXU?$TVector@N@Math@UE@@@Z) referenced in function "public: static void __cdecl APawn_VR::execExecuteTeleport(class UObject *,struct FFrame &,void * const)" (?execExecuteTeleport@APawn_VR@@SAXPEAVUObject@@AEAUFFrame@@QEAX@Z)
2>Module.HomesteadTwin.gen.cpp.obj : error LNK2019: unresolved external symbol "public: bool __cdecl APawn_VR::IsTeleportDestinationValid(struct UE::Math::TVector<double>)const " (?IsTeleportDestinationValid@APawn_VR@@QEBA_NU?$TVector@N@Math@UE@@@Z) referenced in function "public: static void __cdecl APawn_VR::execIsTeleportDestinationValid(class UObject *,struct FFrame &,void * const)" (?execIsTeleportDestinationValid@APawn_VR@@SAXPEAVUObject@@AEAUFFrame@@QEAX@Z)
2>Module.HomesteadTwin.gen.cpp.obj : error LNK2019: unresolved external symbol "public: void __cdecl APawn_VR::SetLaserPointerVisible(bool,bool)" (?SetLaserPointerVisible@APawn_VR@@QEAAX_N0@Z) referenced in function "public: static void __cdecl APawn_VR::execSetLaserPointerVisible(class UObject *,struct FFrame &,void * const)" (?execSetLaserPointerVisible@APawn_VR@@SAXPEAVUObject@@AEAUFFrame@@QEAX@Z)
2>Module.HomesteadTwin.gen.cpp.obj : error LNK2019: unresolved external symbol "__declspec(dllimport) class UClass * __cdecl Z_Construct_UClass_UMotionControllerComponent_NoRegister(void)" (__imp_?Z_Construct_UClass_UMotionControllerComponent_NoRegister@@YAPEAVUClass@@XZ) referenced in function "void __cdecl `dynamic initializer for 'public: static struct UECodeGen_Private::FObjectPropertyParams const Z_Construct_UClass_APawn_VR_Statics::NewProp_LeftController''(void)" (??__E?NewProp_LeftController@Z_Construct_UClass_APawn_VR_Statics@@2UFObjectPropertyParams@UECodeGen_Private@@B@@YAXXZ)
2>Module.HomesteadTwin.gen.cpp.obj : error LNK2019: unresolved external symbol "public: __cdecl APC_Desktop::APC_Desktop(void)" (??0APC_Desktop@@QEAA@XZ) referenced in function "void __cdecl InternalConstructor<class APC_Desktop>(class FObjectInitializer const &)" (??$InternalConstructor@VAPC_Desktop@@@@YAXAEBVFObjectInitializer@@@Z)
2>Module.HomesteadTwin.gen.cpp.obj : error LNK2001: unresolved external symbol "public: virtual void __cdecl APC_Desktop::SetupInputComponent(void)" (?SetupInputComponent@APC_Desktop@@UEAAXXZ)
2>Module.HomesteadTwin.gen.cpp.obj : error LNK2001: unresolved external symbol "public: virtual void __cdecl APC_Desktop::BeginPlay(void)" (?BeginPlay@APC_Desktop@@UEAAXXZ)
2>Module.HomesteadTwin.gen.cpp.obj : error LNK2001: unresolved external symbol "public: virtual void __cdecl APC_Desktop::PlayerTick(float)" (?PlayerTick@APC_Desktop@@UEAAXM@Z)
2>Module.HomesteadTwin.gen.cpp.obj : error LNK2019: unresolved external symbol "protected: void __cdecl APC_Desktop::ToggleFreeFlyMode(void)" (?ToggleFreeFlyMode@APC_Desktop@@IEAAXXZ) referenced in function "public: static void __cdecl APC_Desktop::execToggleFreeFlyMode(class UObject *,struct FFrame &,void * const)" (?execToggleFreeFlyMode@APC_Desktop@@SAXPEAVUObject@@AEAUFFrame@@QEAX@Z)
2>Module.HomesteadTwin.gen.cpp.obj : error LNK2019: unresolved external symbol "protected: class AActor * __cdecl APC_Desktop::PerformInteractionRaycast(float)" (?PerformInteractionRaycast@APC_Desktop@@IEAAPEAVAActor@@M@Z) referenced in function "public: static void __cdecl APC_Desktop::execPerformInteractionRaycast(class UObject *,struct FFrame &,void * const)" (?execPerformInteractionRaycast@APC_Desktop@@SAXPEAVUObject@@AEAUFFrame@@QEAX@Z)
2>Module.HomesteadTwin.gen.cpp.obj : error LNK2019: unresolved external symbol "public: __cdecl APC_VR::APC_VR(void)" (??0APC_VR@@QEAA@XZ) referenced in function "void __cdecl InternalConstructor<class APC_VR>(class FObjectInitializer const &)" (??$InternalConstructor@VAPC_VR@@@@YAXAEBVFObjectInitializer@@@Z)
2>Module.HomesteadTwin.gen.cpp.obj : error LNK2001: unresolved external symbol "public: virtual void __cdecl APC_VR::SetupInputComponent(void)" (?SetupInputComponent@APC_VR@@UEAAXXZ)
2>Module.HomesteadTwin.gen.cpp.obj : error LNK2001: unresolved external symbol "public: virtual void __cdecl APC_VR::BeginPlay(void)" (?BeginPlay@APC_VR@@UEAAXXZ)
2>Module.HomesteadTwin.gen.cpp.obj : error LNK2001: unresolved external symbol "public: virtual void __cdecl APC_VR::PlayerTick(float)" (?PlayerTick@APC_VR@@UEAAXM@Z)
2>Module.HomesteadTwin.gen.cpp.obj : error LNK2019: unresolved external symbol "protected: void __cdecl APC_VR::ToggleLocomotionMode(void)" (?ToggleLocomotionMode@APC_VR@@IEAAXXZ) referenced in function "public: static void __cdecl APC_VR::execToggleLocomotionMode(class UObject *,struct FFrame &,void * const)" (?execToggleLocomotionMode@APC_VR@@SAXPEAVUObject@@AEAUFFrame@@QEAX@Z)
2>Module.HomesteadTwin.gen.cpp.obj : error LNK2019: unresolved external symbol "protected: class AActor * __cdecl APC_VR::PerformLaserPointerRaycast(bool,float)" (?PerformLaserPointerRaycast@APC_VR@@IEAAPEAVAActor@@_NM@Z) referenced in function "public: static void __cdecl APC_VR::execPerformLaserPointerRaycast(class UObject *,struct FFrame &,void * const)" (?execPerformLaserPointerRaycast@APC_VR@@SAXPEAVUObject@@AEAUFFrame@@QEAX@Z)
2>Module.HomesteadTwin.gen.cpp.obj : error LNK2019: unresolved external symbol "public: __cdecl UUS_AnnotationManager::UUS_AnnotationManager(void)" (??0UUS_AnnotationManager@@QEAA@XZ) referenced in function "void __cdecl InternalConstructor<class UUS_AnnotationManager>(class FObjectInitializer const &)" (??$InternalConstructor@VUUS_AnnotationManager@@@@YAXAEBVFObjectInitializer@@@Z)
2>Module.HomesteadTwin.gen.cpp.obj : error LNK2001: unresolved external symbol "public: virtual void __cdecl UUS_AnnotationManager::Initialize(class FSubsystemCollectionBase &)" (?Initialize@UUS_AnnotationManager@@UEAAXAEAVFSubsystemCollectionBase@@@Z)
2>Module.HomesteadTwin.gen.cpp.obj : error LNK2001: unresolved external symbol "public: virtual void __cdecl UUS_AnnotationManager::Deinitialize(void)" (?Deinitialize@UUS_AnnotationManager@@UEAAXXZ)
2>Module.HomesteadTwin.gen.cpp.obj : error LNK2019: unresolved external symbol "public: struct FGuid __cdecl UUS_AnnotationManager::CreateAnnotation(struct UE::Math::TVector<double>,class FString const &,class FName)" (?CreateAnnotation@UUS_AnnotationManager@@QEAA?AUFGuid@@U?$TVector@N@Math@UE@@AEBVFString@@VFName@@@Z) referenced in function "public: static void __cdecl UUS_AnnotationManager::execCreateAnnotation(class UObject *,struct FFrame &,void * const)" (?execCreateAnnotation@UUS_AnnotationManager@@SAXPEAVUObject@@AEAUFFrame@@QEAX@Z)
2>Module.HomesteadTwin.gen.cpp.obj : error LNK2019: unresolved external symbol "public: bool __cdecl UUS_AnnotationManager::UpdateAnnotation(struct FGuid,class FString const &,class FName)" (?UpdateAnnotation@UUS_AnnotationManager@@QEAA_NUFGuid@@AEBVFString@@VFName@@@Z) referenced in function "public: static void __cdecl UUS_AnnotationManager::execUpdateAnnotation(class UObject *,struct FFrame &,void * const)" (?execUpdateAnnotation@UUS_AnnotationManager@@SAXPEAVUObject@@AEAUFFrame@@QEAX@Z)
2>Module.HomesteadTwin.gen.cpp.obj : error LNK2019: unresolved external symbol "public: bool __cdecl UUS_AnnotationManager::DeleteAnnotation(struct FGuid)" (?DeleteAnnotation@UUS_AnnotationManager@@QEAA_NUFGuid@@@Z) referenced in function "public: static void __cdecl UUS_AnnotationManager::execDeleteAnnotation(class UObject *,struct FFrame &,void * const)" (?execDeleteAnnotation@UUS_AnnotationManager@@SAXPEAVUObject@@AEAUFFrame@@QEAX@Z)
2>Module.HomesteadTwin.gen.cpp.obj : error LNK2019: unresolved external symbol "public: struct FAnnotation __cdecl UUS_AnnotationManager::GetAnnotation(struct FGuid)const " (?GetAnnotation@UUS_AnnotationManager@@QEBA?AUFAnnotation@@UFGuid@@@Z) referenced in function "public: static void __cdecl UUS_AnnotationManager::execGetAnnotation(class UObject *,struct FFrame &,void * const)" (?execGetAnnotation@UUS_AnnotationManager@@SAXPEAVUObject@@AEAUFFrame@@QEAX@Z)
2>Module.HomesteadTwin.gen.cpp.obj : error LNK2019: unresolved external symbol "public: class TArray<struct FAnnotation,class TSizedDefaultAllocator<32> > __cdecl UUS_AnnotationManager::GetAllAnnotations(void)const " (?GetAllAnnotations@UUS_AnnotationManager@@QEBA?AV?$TArray@UFAnnotation@@V?$TSizedDefaultAllocator@$0CA@@@@@XZ) referenced in function "public: static void __cdecl UUS_AnnotationManager::execGetAllAnnotations(class UObject *,struct FFrame &,void * const)" (?execGetAllAnnotations@UUS_AnnotationManager@@SAXPEAVUObject@@AEAUFFrame@@QEAX@Z)
2>Module.HomesteadTwin.gen.cpp.obj : error LNK2019: unresolved external symbol "public: class TArray<struct FAnnotation,class TSizedDefaultAllocator<32> > __cdecl UUS_AnnotationManager::GetAnnotationsByCategory(class FName)const " (?GetAnnotationsByCategory@UUS_AnnotationManager@@QEBA?AV?$TArray@UFAnnotation@@V?$TSizedDefaultAllocator@$0CA@@@@@VFName@@@Z) referenced in function "public: static void __cdecl UUS_AnnotationManager::execGetAnnotationsByCategory(class UObject *,struct FFrame &,void * const)" (?execGetAnnotationsByCategory@UUS_AnnotationManager@@SAXPEAVUObject@@AEAUFFrame@@QEAX@Z)
2>Module.HomesteadTwin.gen.cpp.obj : error LNK2019: unresolved external symbol "public: class TArray<struct FAnnotation,class TSizedDefaultAllocator<32> > __cdecl UUS_AnnotationManager::GetAnnotationsByPhase(int)const " (?GetAnnotationsByPhase@UUS_AnnotationManager@@QEBA?AV?$TArray@UFAnnotation@@V?$TSizedDefaultAllocator@$0CA@@@@@H@Z) referenced in function "public: static void __cdecl UUS_AnnotationManager::execGetAnnotationsByPhase(class UObject *,struct FFrame &,void * const)" (?execGetAnnotationsByPhase@UUS_AnnotationManager@@SAXPEAVUObject@@AEAUFFrame@@QEAX@Z)
2>Module.HomesteadTwin.gen.cpp.obj : error LNK2019: unresolved external symbol "public: class TArray<struct FAnnotation,class TSizedDefaultAllocator<32> > __cdecl UUS_AnnotationManager::GetAnnotationsNearPosition(struct UE::Math::TVector<double>,float)const " (?GetAnnotationsNearPosition@UUS_AnnotationManager@@QEBA?AV?$TArray@UFAnnotation@@V?$TSizedDefaultAllocator@$0CA@@@@@U?$TVector@N@Math@UE@@M@Z) referenced in function "public: static void __cdecl UUS_AnnotationManager::execGetAnnotationsNearPosition(class UObject *,struct FFrame &,void * const)" (?execGetAnnotationsNearPosition@UUS_AnnotationManager@@SAXPEAVUObject@@AEAUFFrame@@QEAX@Z)
2>Module.HomesteadTwin.gen.cpp.obj : error LNK2019: unresolved external symbol "public: bool __cdecl UUS_AnnotationManager::SaveAnnotations(void)" (?SaveAnnotations@UUS_AnnotationManager@@QEAA_NXZ) referenced in function "public: static void __cdecl UUS_AnnotationManager::execSaveAnnotations(class UObject *,struct FFrame &,void * const)" (?execSaveAnnotations@UUS_AnnotationManager@@SAXPEAVUObject@@AEAUFFrame@@QEAX@Z)
2>Module.HomesteadTwin.gen.cpp.obj : error LNK2019: unresolved external symbol "public: bool __cdecl UUS_AnnotationManager::LoadAnnotations(void)" (?LoadAnnotations@UUS_AnnotationManager@@QEAA_NXZ) referenced in function "public: static void __cdecl UUS_AnnotationManager::execLoadAnnotations(class UObject *,struct FFrame &,void * const)" (?execLoadAnnotations@UUS_AnnotationManager@@SAXPEAVUObject@@AEAUFFrame@@QEAX@Z)
2>Module.HomesteadTwin.gen.cpp.obj : error LNK2019: unresolved external symbol "public: __cdecl UUS_HomesteadPhaseManager::UUS_HomesteadPhaseManager(void)" (??0UUS_HomesteadPhaseManager@@QEAA@XZ) referenced in function "void __cdecl InternalConstructor<class UUS_HomesteadPhaseManager>(class FObjectInitializer const &)" (??$InternalConstructor@VUUS_HomesteadPhaseManager@@@@YAXAEBVFObjectInitializer@@@Z)
2>Module.HomesteadTwin.gen.cpp.obj : error LNK2001: unresolved external symbol "public: virtual void __cdecl UUS_HomesteadPhaseManager::Initialize(class FSubsystemCollectionBase &)" (?Initialize@UUS_HomesteadPhaseManager@@UEAAXAEAVFSubsystemCollectionBase@@@Z)
2>Module.HomesteadTwin.gen.cpp.obj : error LNK2001: unresolved external symbol "public: virtual void __cdecl UUS_HomesteadPhaseManager::Deinitialize(void)" (?Deinitialize@UUS_HomesteadPhaseManager@@UEAAXXZ)
2>Module.HomesteadTwin.gen.cpp.obj : error LNK2019: unresolved external symbol "public: void __cdecl UUS_HomesteadPhaseManager::SetCurrentPhase(enum EHomesteadPhase)" (?SetCurrentPhase@UUS_HomesteadPhaseManager@@QEAAXW4EHomesteadPhase@@@Z) referenced in function "public: static void __cdecl UUS_HomesteadPhaseManager::execSetCurrentPhase(class UObject *,struct FFrame &,void * const)" (?execSetCurrentPhase@UUS_HomesteadPhaseManager@@SAXPEAVUObject@@AEAUFFrame@@QEAX@Z)
2>Module.HomesteadTwin.gen.cpp.obj : error LNK2019: unresolved external symbol "public: struct FPhaseDefinition __cdecl UUS_HomesteadPhaseManager::GetPhaseDefinition(enum EHomesteadPhase)const " (?GetPhaseDefinition@UUS_HomesteadPhaseManager@@QEBA?AUFPhaseDefinition@@W4EHomesteadPhase@@@Z) referenced in function "public: static void __cdecl UUS_HomesteadPhaseManager::execGetPhaseDefinition(class UObject *,struct FFrame &,void * const)" (?execGetPhaseDefinition@UUS_HomesteadPhaseManager@@SAXPEAVUObject@@AEAUFFrame@@QEAX@Z)
2>Module.HomesteadTwin.gen.cpp.obj : error LNK2019: unresolved external symbol "public: bool __cdecl UUS_HomesteadPhaseManager::IsObjectVisibleInCurrentPhase(class FName)const " (?IsObjectVisibleInCurrentPhase@UUS_HomesteadPhaseManager@@QEBA_NVFName@@@Z) referenced in function "public: static void __cdecl UUS_HomesteadPhaseManager::execIsObjectVisibleInCurrentPhase(class UObject *,struct FFrame &,void * const)" (?execIsObjectVisibleInCurrentPhase@UUS_HomesteadPhaseManager@@SAXPEAVUObject@@AEAUFFrame@@QEAX@Z)
2>Module.HomesteadTwin.gen.cpp.obj : error LNK2019: unresolved external symbol "public: __cdecl UUS_ScenarioManager::UUS_ScenarioManager(void)" (??0UUS_ScenarioManager@@QEAA@XZ) referenced in function "void __cdecl InternalConstructor<class UUS_ScenarioManager>(class FObjectInitializer const &)" (??$InternalConstructor@VUUS_ScenarioManager@@@@YAXAEBVFObjectInitializer@@@Z)
2>Module.HomesteadTwin.gen.cpp.obj : error LNK2001: unresolved external symbol "public: virtual void __cdecl UUS_ScenarioManager::Initialize(class FSubsystemCollectionBase &)" (?Initialize@UUS_ScenarioManager@@UEAAXAEAVFSubsystemCollectionBase@@@Z)
2>Module.HomesteadTwin.gen.cpp.obj : error LNK2001: unresolved external symbol "public: virtual void __cdecl UUS_ScenarioManager::Deinitialize(void)" (?Deinitialize@UUS_ScenarioManager@@UEAAXXZ)
2>Module.HomesteadTwin.gen.cpp.obj : error LNK2019: unresolved external symbol "public: bool __cdecl UUS_ScenarioManager::ActivateScenario(class FName)" (?ActivateScenario@UUS_ScenarioManager@@QEAA_NVFName@@@Z) referenced in function "public: static void __cdecl UUS_ScenarioManager::execActivateScenario(class UObject *,struct FFrame &,void * const)" (?execActivateScenario@UUS_ScenarioManager@@SAXPEAVUObject@@AEAUFFrame@@QEAX@Z)
2>Module.HomesteadTwin.gen.cpp.obj : error LNK2019: unresolved external symbol "public: void __cdecl UUS_ScenarioManager::DeactivateScenario(void)" (?DeactivateScenario@UUS_ScenarioManager@@QEAAXXZ) referenced in function "public: static void __cdecl UUS_ScenarioManager::execDeactivateScenario(class UObject *,struct FFrame &,void * const)" (?execDeactivateScenario@UUS_ScenarioManager@@SAXPEAVUObject@@AEAUFFrame@@QEAX@Z)
2>Module.HomesteadTwin.gen.cpp.obj : error LNK2019: unresolved external symbol "public: struct FScenarioDefinition __cdecl UUS_ScenarioManager::GetActiveScenario(bool &)const " (?GetActiveScenario@UUS_ScenarioManager@@QEBA?AUFScenarioDefinition@@AEA_N@Z) referenced in function "public: static void __cdecl UUS_ScenarioManager::execGetActiveScenario(class UObject *,struct FFrame &,void * const)" (?execGetActiveScenario@UUS_ScenarioManager@@SAXPEAVUObject@@AEAUFFrame@@QEAX@Z)
2>Module.HomesteadTwin.gen.cpp.obj : error LNK2019: unresolved external symbol "public: struct FScenarioDefinition __cdecl UUS_ScenarioManager::GetScenarioDefinition(class FName)const " (?GetScenarioDefinition@UUS_ScenarioManager@@QEBA?AUFScenarioDefinition@@VFName@@@Z) referenced in function "public: static void __cdecl UUS_ScenarioManager::execGetScenarioDefinition(class UObject *,struct FFrame &,void * const)" (?execGetScenarioDefinition@UUS_ScenarioManager@@SAXPEAVUObject@@AEAUFFrame@@QEAX@Z)
2>Module.HomesteadTwin.gen.cpp.obj : error LNK2019: unresolved external symbol "public: class TArray<struct FScenarioDefinition,class TSizedDefaultAllocator<32> > __cdecl UUS_ScenarioManager::GetAllScenarios(void)const " (?GetAllScenarios@UUS_ScenarioManager@@QEBA?AV?$TArray@UFScenarioDefinition@@V?$TSizedDefaultAllocator@$0CA@@@@@XZ) referenced in function "public: static void __cdecl UUS_ScenarioManager::execGetAllScenarios(class UObject *,struct FFrame &,void * const)" (?execGetAllScenarios@UUS_ScenarioManager@@SAXPEAVUObject@@AEAUFFrame@@QEAX@Z)
2>Module.HomesteadTwin.gen.cpp.obj : error LNK2019: unresolved external symbol "public: class TArray<struct FScenarioDefinition,class TSizedDefaultAllocator<32> > __cdecl UUS_ScenarioManager::GetScenariosByTag(class FName)const " (?GetScenariosByTag@UUS_ScenarioManager@@QEBA?AV?$TArray@UFScenarioDefinition@@V?$TSizedDefaultAllocator@$0CA@@@@@VFName@@@Z) referenced in function "public: static void __cdecl UUS_ScenarioManager::execGetScenariosByTag(class UObject *,struct FFrame &,void * const)" (?execGetScenariosByTag@UUS_ScenarioManager@@SAXPEAVUObject@@AEAUFFrame@@QEAX@Z)
2>Module.HomesteadTwin.gen.cpp.obj : error LNK2019: unresolved external symbol "public: __cdecl UUS_SOPManager::UUS_SOPManager(void)" (??0UUS_SOPManager@@QEAA@XZ) referenced in function "void __cdecl InternalConstructor<class UUS_SOPManager>(class FObjectInitializer const &)" (??$InternalConstructor@VUUS_SOPManager@@@@YAXAEBVFObjectInitializer@@@Z)
2>Module.HomesteadTwin.gen.cpp.obj : error LNK2001: unresolved external symbol "public: virtual void __cdecl UUS_SOPManager::Initialize(class FSubsystemCollectionBase &)" (?Initialize@UUS_SOPManager@@UEAAXAEAVFSubsystemCollectionBase@@@Z)
2>Module.HomesteadTwin.gen.cpp.obj : error LNK2001: unresolved external symbol "public: virtual void __cdecl UUS_SOPManager::Deinitialize(void)" (?Deinitialize@UUS_SOPManager@@UEAAXXZ)
2>Module.HomesteadTwin.gen.cpp.obj : error LNK2019: unresolved external symbol "public: void __cdecl UUS_SOPManager::LoadSOPData(void)" (?LoadSOPData@UUS_SOPManager@@QEAAXXZ) referenced in function "public: static void __cdecl UUS_SOPManager::execLoadSOPData(class UObject *,struct FFrame &,void * const)" (?execLoadSOPData@UUS_SOPManager@@SAXPEAVUObject@@AEAUFFrame@@QEAX@Z)
2>Module.HomesteadTwin.gen.cpp.obj : error LNK2019: unresolved external symbol "public: struct FStandardOperatingProcedure __cdecl UUS_SOPManager::GetSOPById(class FName)const " (?GetSOPById@UUS_SOPManager@@QEBA?AUFStandardOperatingProcedure@@VFName@@@Z) referenced in function "public: static void __cdecl UUS_SOPManager::execGetSOPById(class UObject *,struct FFrame &,void * const)" (?execGetSOPById@UUS_SOPManager@@SAXPEAVUObject@@AEAUFFrame@@QEAX@Z)
2>Module.HomesteadTwin.gen.cpp.obj : error LNK2019: unresolved external symbol "public: class TArray<struct FStandardOperatingProcedure,class TSizedDefaultAllocator<32> > __cdecl UUS_SOPManager::GetSOPsForObject(class FName)const " (?GetSOPsForObject@UUS_SOPManager@@QEBA?AV?$TArray@UFStandardOperatingProcedure@@V?$TSizedDefaultAllocator@$0CA@@@@@VFName@@@Z) referenced in function "public: static void __cdecl UUS_SOPManager::execGetSOPsForObject(class UObject *,struct FFrame &,void * const)" (?execGetSOPsForObject@UUS_SOPManager@@SAXPEAVUObject@@AEAUFFrame@@QEAX@Z)
2>Module.HomesteadTwin.gen.cpp.obj : error LNK2019: unresolved external symbol "public: class TArray<struct FStandardOperatingProcedure,class TSizedDefaultAllocator<32> > __cdecl UUS_SOPManager::GetSOPsByTag(class FName)const " (?GetSOPsByTag@UUS_SOPManager@@QEBA?AV?$TArray@UFStandardOperatingProcedure@@V?$TSizedDefaultAllocator@$0CA@@@@@VFName@@@Z) referenced in function "public: static void __cdecl UUS_SOPManager::execGetSOPsByTag(class UObject *,struct FFrame &,void * const)" (?execGetSOPsByTag@UUS_SOPManager@@SAXPEAVUObject@@AEAUFFrame@@QEAX@Z)
2>Module.HomesteadTwin.gen.cpp.obj : error LNK2019: unresolved external symbol "public: class TArray<struct FStandardOperatingProcedure,class TSizedDefaultAllocator<32> > __cdecl UUS_SOPManager::GetAllSOPs(void)const " (?GetAllSOPs@UUS_SOPManager@@QEBA?AV?$TArray@UFStandardOperatingProcedure@@V?$TSizedDefaultAllocator@$0CA@@@@@XZ) referenced in function "public: static void __cdecl UUS_SOPManager::execGetAllSOPs(class UObject *,struct FFrame &,void * const)" (?execGetAllSOPs@UUS_SOPManager@@SAXPEAVUObject@@AEAUFFrame@@QEAX@Z)
2>Module.HomesteadTwin.gen.cpp.obj : error LNK2019: unresolved external symbol "public: class TArray<struct FStandardOperatingProcedure,class TSizedDefaultAllocator<32> > __cdecl UUS_SOPManager::SearchSOPs(class FString const &)const " (?SearchSOPs@UUS_SOPManager@@QEBA?AV?$TArray@UFStandardOperatingProcedure@@V?$TSizedDefaultAllocator@$0CA@@@@@AEBVFString@@@Z) referenced in function "public: static void __cdecl UUS_SOPManager::execSearchSOPs(class UObject *,struct FFrame &,void * const)" (?execSearchSOPs@UUS_SOPManager@@SAXPEAVUObject@@AEAUFFrame@@QEAX@Z)
2>Module.HomesteadTwin.gen.cpp.obj : error LNK2019: unresolved external symbol "public: __cdecl UUS_TelemetryManager::UUS_TelemetryManager(void)" (??0UUS_TelemetryManager@@QEAA@XZ) referenced in function "void __cdecl InternalConstructor<class UUS_TelemetryManager>(class FObjectInitializer const &)" (??$InternalConstructor@VUUS_TelemetryManager@@@@YAXAEBVFObjectInitializer@@@Z)
2>Module.HomesteadTwin.gen.cpp.obj : error LNK2001: unresolved external symbol "public: virtual void __cdecl UUS_TelemetryManager::Initialize(class FSubsystemCollectionBase &)" (?Initialize@UUS_TelemetryManager@@UEAAXAEAVFSubsystemCollectionBase@@@Z)
2>Module.HomesteadTwin.gen.cpp.obj : error LNK2001: unresolved external symbol "public: virtual void __cdecl UUS_TelemetryManager::Deinitialize(void)" (?Deinitialize@UUS_TelemetryManager@@UEAAXXZ)
2>Module.HomesteadTwin.gen.cpp.obj : error LNK2019: unresolved external symbol "public: void __cdecl UUS_TelemetryManager::StartTelemetry(void)" (?StartTelemetry@UUS_TelemetryManager@@QEAAXXZ) referenced in function "public: static void __cdecl UUS_TelemetryManager::execStartTelemetry(class UObject *,struct FFrame &,void * const)" (?execStartTelemetry@UUS_TelemetryManager@@SAXPEAVUObject@@AEAUFFrame@@QEAX@Z)
2>Module.HomesteadTwin.gen.cpp.obj : error LNK2019: unresolved external symbol "public: void __cdecl UUS_TelemetryManager::StopTelemetry(void)" (?StopTelemetry@UUS_TelemetryManager@@QEAAXXZ) referenced in function "public: static void __cdecl UUS_TelemetryManager::execStopTelemetry(class UObject *,struct FFrame &,void * const)" (?execStopTelemetry@UUS_TelemetryManager@@SAXPEAVUObject@@AEAUFFrame@@QEAX@Z)
2>Module.HomesteadTwin.gen.cpp.obj : error LNK2019: unresolved external symbol "public: float __cdecl UUS_TelemetryManager::GetTelemetryValue(class FName,bool &)const " (?GetTelemetryValue@UUS_TelemetryManager@@QEBAMVFName@@AEA_N@Z) referenced in function "public: static void __cdecl UUS_TelemetryManager::execGetTelemetryValue(class UObject *,struct FFrame &,void * const)" (?execGetTelemetryValue@UUS_TelemetryManager@@SAXPEAVUObject@@AEAUFFrame@@QEAX@Z)
2>Module.HomesteadTwin.gen.cpp.obj : error LNK2019: unresolved external symbol "public: class FString __cdecl UUS_TelemetryManager::GetTelemetryString(class FName,bool &)const " (?GetTelemetryString@UUS_TelemetryManager@@QEBA?AVFString@@VFName@@AEA_N@Z) referenced in function "public: static void __cdecl UUS_TelemetryManager::execGetTelemetryString(class UObject *,struct FFrame &,void * const)" (?execGetTelemetryString@UUS_TelemetryManager@@SAXPEAVUObject@@AEAUFFrame@@QEAX@Z)
2>Module.HomesteadTwin.gen.cpp.obj : error LNK2019: unresolved external symbol "public: struct FDateTime __cdecl UUS_TelemetryManager::GetTelemetryTimestamp(class FName)const " (?GetTelemetryTimestamp@UUS_TelemetryManager@@QEBA?AUFDateTime@@VFName@@@Z) referenced in function "public: static void __cdecl UUS_TelemetryManager::execGetTelemetryTimestamp(class UObject *,struct FFrame &,void * const)" (?execGetTelemetryTimestamp@UUS_TelemetryManager@@SAXPEAVUObject@@AEAUFFrame@@QEAX@Z)
2>Module.HomesteadTwin.gen.cpp.obj : error LNK2019: unresolved external symbol "public: void __cdecl UUS_TelemetryManager::SetMockDataMode(bool)" (?SetMockDataMode@UUS_TelemetryManager@@QEAAX_N@Z) referenced in function "public: static void __cdecl UUS_TelemetryManager::execSetMockDataMode(class UObject *,struct FFrame &,void * const)" (?execSetMockDataMode@UUS_TelemetryManager@@SAXPEAVUObject@@AEAUFFrame@@QEAX@Z)
2>Module.HomesteadTwin.gen.cpp.obj : error LNK2019: unresolved external symbol "public: __cdecl UU_InteractableComponent::UU_InteractableComponent(void)" (??0UU_InteractableComponent@@QEAA@XZ) referenced in function "void __cdecl InternalConstructor<class UU_InteractableComponent>(class FObjectInitializer const &)" (??$InternalConstructor@VUU_InteractableComponent@@@@YAXAEBVFObjectInitializer@@@Z)
2>Module.HomesteadTwin.gen.cpp.obj : error LNK2001: unresolved external symbol "public: virtual void __cdecl UU_InteractableComponent::BeginPlay(void)" (?BeginPlay@UU_InteractableComponent@@UEAAXXZ)
2>Module.HomesteadTwin.gen.cpp.obj : error LNK2001: unresolved external symbol "public: virtual void __cdecl UU_InteractableComponent::TickComponent(float,enum ELevelTick,struct FActorComponentTickFunction *)" (?TickComponent@UU_InteractableComponent@@UEAAXMW4ELevelTick@@PEAUFActorComponentTickFunction@@@Z)
2>Module.HomesteadTwin.gen.cpp.obj : error LNK2019: unresolved external symbol "public: void __cdecl UU_InteractableComponent::OnFocusGained(void)" (?OnFocusGained@UU_InteractableComponent@@QEAAXXZ) referenced in function "public: static void __cdecl UU_InteractableComponent::execOnFocusGained(class UObject *,struct FFrame &,void * const)" (?execOnFocusGained@UU_InteractableComponent@@SAXPEAVUObject@@AEAUFFrame@@QEAX@Z)
2>Module.HomesteadTwin.gen.cpp.obj : error LNK2019: unresolved external symbol "public: void __cdecl UU_InteractableComponent::OnFocusLost(void)" (?OnFocusLost@UU_InteractableComponent@@QEAAXXZ) referenced in function "public: static void __cdecl UU_InteractableComponent::execOnFocusLost(class UObject *,struct FFrame &,void * const)" (?execOnFocusLost@UU_InteractableComponent@@SAXPEAVUObject@@AEAUFFrame@@QEAX@Z)
2>Module.HomesteadTwin.gen.cpp.obj : error LNK2019: unresolved external symbol "public: void __cdecl UU_InteractableComponent::OnInteract(class APlayerController *)" (?OnInteract@UU_InteractableComponent@@QEAAXPEAVAPlayerController@@@Z) referenced in function "public: static void __cdecl UU_InteractableComponent::execOnInteract(class UObject *,struct FFrame &,void * const)" (?execOnInteract@UU_InteractableComponent@@SAXPEAVUObject@@AEAUFFrame@@QEAX@Z)
2>Module.HomesteadTwin.gen.cpp.obj : error LNK2019: unresolved external symbol "public: __cdecl UU_SOPComponent::UU_SOPComponent(void)" (??0UU_SOPComponent@@QEAA@XZ) referenced in function "void __cdecl InternalConstructor<class UU_SOPComponent>(class FObjectInitializer const &)" (??$InternalConstructor@VUU_SOPComponent@@@@YAXAEBVFObjectInitializer@@@Z)
2>Module.HomesteadTwin.gen.cpp.obj : error LNK2001: unresolved external symbol "public: virtual void __cdecl UU_SOPComponent::BeginPlay(void)" (?BeginPlay@UU_SOPComponent@@UEAAXXZ)
2>Module.HomesteadTwin.gen.cpp.obj : error LNK2019: unresolved external symbol "public: void __cdecl UU_SOPComponent::AddLinkedSOP(class FName)" (?AddLinkedSOP@UU_SOPComponent@@QEAAXVFName@@@Z) referenced in function "public: static void __cdecl UU_SOPComponent::execAddLinkedSOP(class UObject *,struct FFrame &,void * const)" (?execAddLinkedSOP@UU_SOPComponent@@SAXPEAVUObject@@AEAUFFrame@@QEAX@Z)
2>Module.HomesteadTwin.gen.cpp.obj : error LNK2019: unresolved external symbol "public: void __cdecl UU_SOPComponent::RemoveLinkedSOP(class FName)" (?RemoveLinkedSOP@UU_SOPComponent@@QEAAXVFName@@@Z) referenced in function "public: static void __cdecl UU_SOPComponent::execRemoveLinkedSOP(class UObject *,struct FFrame &,void * const)" (?execRemoveLinkedSOP@UU_SOPComponent@@SAXPEAVUObject@@AEAUFFrame@@QEAX@Z)
2>Module.HomesteadTwin.gen.cpp.obj : error LNK2019: unresolved external symbol "public: class TArray<struct FStandardOperatingProcedure,class TSizedDefaultAllocator<32> > __cdecl UU_SOPComponent::GetSOPData(void)const " (?GetSOPData@UU_SOPComponent@@QEBA?AV?$TArray@UFStandardOperatingProcedure@@V?$TSizedDefaultAllocator@$0CA@@@@@XZ) referenced in function "public: static void __cdecl UU_SOPComponent::execGetSOPData(class UObject *,struct FFrame &,void * const)" (?execGetSOPData@UU_SOPComponent@@SAXPEAVUObject@@AEAUFFrame@@QEAX@Z)
2>Module.HomesteadTwin.gen.cpp.obj : error LNK2019: unresolved external symbol "public: __cdecl UU_TelemetryComponent::UU_TelemetryComponent(void)" (??0UU_TelemetryComponent@@QEAA@XZ) referenced in function "void __cdecl InternalConstructor<class UU_TelemetryComponent>(class FObjectInitializer const &)" (??$InternalConstructor@VUU_TelemetryComponent@@@@YAXAEBVFObjectInitializer@@@Z)
2>Module.HomesteadTwin.gen.cpp.obj : error LNK2001: unresolved external symbol "public: virtual void __cdecl UU_TelemetryComponent::BeginPlay(void)" (?BeginPlay@UU_TelemetryComponent@@UEAAXXZ)
2>Module.HomesteadTwin.gen.cpp.obj : error LNK2001: unresolved external symbol "public: virtual void __cdecl UU_TelemetryComponent::TickComponent(float,enum ELevelTick,struct FActorComponentTickFunction *)" (?TickComponent@UU_TelemetryComponent@@UEAAXMW4ELevelTick@@PEAUFActorComponentTickFunction@@@Z)
2>Module.HomesteadTwin.gen.cpp.obj : error LNK2019: unresolved external symbol "public: class FString __cdecl UU_TelemetryComponent::GetTelemetryValueString(void)const " (?GetTelemetryValueString@UU_TelemetryComponent@@QEBA?AVFString@@XZ) referenced in function "public: static void __cdecl UU_TelemetryComponent::execGetTelemetryValueString(class UObject *,struct FFrame &,void * const)" (?execGetTelemetryValueString@UU_TelemetryComponent@@SAXPEAVUObject@@AEAUFFrame@@QEAX@Z)
2>Module.HomesteadTwin.gen.cpp.obj : error LNK2019: unresolved external symbol "public: bool __cdecl UU_TelemetryComponent::IsTelemetryStale(void)const " (?IsTelemetryStale@UU_TelemetryComponent@@QEBA_NXZ) referenced in function "public: static void __cdecl UU_TelemetryComponent::execIsTelemetryStale(class UObject *,struct FFrame &,void * const)" (?execIsTelemetryStale@UU_TelemetryComponent@@SAXPEAVUObject@@AEAUFFrame@@QEAX@Z)
2>Module.HomesteadTwin.gen.cpp.obj : error LNK2019: unresolved external symbol "public: void __cdecl UU_TelemetryComponent::RefreshTelemetryData(void)" (?RefreshTelemetryData@UU_TelemetryComponent@@QEAAXXZ) referenced in function "public: static void __cdecl UU_TelemetryComponent::execRefreshTelemetryData(class UObject *,struct FFrame &,void * const)" (?execRefreshTelemetryData@UU_TelemetryComponent@@SAXPEAVUObject@@AEAUFFrame@@QEAX@Z)
2>C:\repos\flux-interface\homestead_twin\Project\Binaries\Win64\UnrealEditor-HomesteadTwin.dll : fatal error LNK1120: 103 unresolved externals
2>[20/28] Compile [x64] VSServerCommandlet.cpp
2>[21/28] Compile [x64] VisualStudioToolsCommandlet.cpp
2>C:\repos\flux-interface\homestead_twin\Project\Plugins\VisualStudioTools\Source\VisualStudioTools\Private\VisualStudioToolsCommandlet.cpp(118,60): warning C4996: 'UClass::ClassDefaultObject': ClassDefaultObject will be made private in the next release. For general purpose access to the CDO consider using the global GetDefault<>() or GetMutableDefault<>() functions. - Please update your code to the new API before upgrading to the next release, otherwise your project will no longer compile.
2>			UObject* GeneratedClassDefault = BlueprintGeneratedClass->ClassDefaultObject;
2>			                                                        ^
2>C:\repos\flux-interface\homestead_twin\Project\Plugins\VisualStudioTools\Source\VisualStudioTools\Private\VisualStudioToolsCommandlet.cpp(257,64): warning C4996: 'UClass::ClassDefaultObject': ClassDefaultObject will be made private in the next release. For general purpose access to the CDO consider using the global GetDefault<>() or GetMutableDefault<>() functions. - Please update your code to the new API before upgrading to the next release, otherwise your project will no longer compile.
2>				UObject* GeneratedClassDefault = Blueprints[BlueprintEntry]->ClassDefaultObject;
2>				                                                           ^
2>[22/28] Compile [x64] VisualStudioToolsBlueprintBreakpointExtension.cpp
2>[23/28] Link [x64] UnrealEditor-VisualStudioTools.lib
2>[24/28] Compile [x64] VisualStudioBlueprintDebuggerHelperModule.cpp
2>[25/28] Link [x64] UnrealEditor-VisualStudioBlueprintDebuggerHelper.lib
2>[26/28] Link [x64] UnrealEditor-VisualStudioTools.dll
2>[27/28] Link [x64] UnrealEditor-VisualStudioBlueprintDebuggerHelper.dll
2>Trace written to file C:/Users/ethan/AppData/Local/UnrealBuildTool/Log.uba with size 50.3kb
2>Total time in Unreal Build Accelerator local executor: 105.60 seconds
2>
2>Result: Failed (OtherCompilationError)
2>Total execution time: 118.97 seconds
2>C:\Program Files\Microsoft Visual Studio\2022\Enterprise\MSBuild\Microsoft\VC\v170\Microsoft.MakeFile.Targets(50,5): error MSB3073: The command ""C:\Program Files\Epic Games\UE_5.7\Engine\Build\BatchFiles\Rebuild.bat" HomesteadTwinEditor Win64 Development -Project="C:\repos\flux-interface\homestead_twin\Project\HomesteadTwin.uproject" -WaitMutex -FromMsBuild -architecture=x64" exited with code -1.
2>Done building project "HomesteadTwin.vcxproj" -- FAILED.
========== Rebuild All: 51 succeeded, 1 failed, 1 skipped ==========
========== Rebuild completed at 7:50 PM and took 02:01.110 minutes ==========
